c:\users\maxim\desktop\курсача ооп\курсача ооп\debug\курсача ооп.pch
c:\users\maxim\desktop\курсача ооп\курсача ооп\debug\vc142.pdb
c:\users\maxim\desktop\курсача ооп\курсача ооп\debug\vc142.idb
c:\users\maxim\desktop\курсача ооп\курсача ооп\debug\pch.obj
c:\users\maxim\desktop\курсача ооп\курсача ооп\debug\main.obj
c:\users\maxim\desktop\курсача ооп\курсача ооп\debug\visitorsarmchairs.obj
c:\users\maxim\desktop\курсача ооп\курсача ооп\debug\staffarmchairs.obj
c:\users\maxim\desktop\курсача ооп\курсача ооп\debug\ordinarychairs.obj
c:\users\maxim\desktop\курсача ооп\курсача ооп\debug\officechairs.obj
c:\users\maxim\desktop\курсача ооп\курсача ооп\debug\conferencechairs.obj
c:\users\maxim\desktop\курсача ооп\курсача ооп\debug\chairs.obj
c:\users\maxim\desktop\курсача ооп\курсача ооп\debug\armchair.obj
c:\users\maxim\desktop\курсача ооп\курсача ооп\debug\officefurniture.obj
c:\users\maxim\desktop\курсача ооп\курсача ооп\debug\desk.obj
c:\users\maxim\desktop\курсача ооп\курсача ооп\debug\tables.obj
c:\users\maxim\desktop\курсача ооп\курсача ооп\debug\conferencetables.obj
c:\users\maxim\desktop\курсача ооп\debug\курсача ооп.ilk
c:\users\maxim\desktop\курсача ооп\debug\курсача ооп.exe
c:\users\maxim\desktop\курсача ооп\debug\курсача ооп.pdb
c:\users\maxim\desktop\курсача ооп\курсача ооп\debug\курсача ооп.tlog\cl.command.1.tlog
c:\users\maxim\desktop\курсача ооп\курсача ооп\debug\курсача ооп.tlog\cl.read.1.tlog
c:\users\maxim\desktop\курсача ооп\курсача ооп\debug\курсача ооп.tlog\cl.write.1.tlog
c:\users\maxim\desktop\курсача ооп\курсача ооп\debug\курсача ооп.tlog\link.command.1.tlog
c:\users\maxim\desktop\курсача ооп\курсача ооп\debug\курсача ооп.tlog\link.read.1.tlog
c:\users\maxim\desktop\курсача ооп\курсача ооп\debug\курсача ооп.tlog\link.write.1.tlog
